<?xml version="1.0" encoding="UTF-8"?>
<coverage generated="1760637816257" clover="3.2.0">
  <project timestamp="1760637816259" name="All files">
    <metrics statements="10" coveredstatements="10" conditionals="6" coveredconditionals="3" methods="3" coveredmethods="3" elements="19" coveredelements="16" complexity="0" loc="10" ncloc="10" packages="1" files="1" classes="1"/>
    <file name="stock.js" path="C:\sites\farmacia-bot\src\handlers\stock.js">
      <metrics statements="10" coveredstatements="10" conditionals="6" coveredconditionals="3" methods="3" coveredmethods="3"/>
      <line num="3" count="1" type="stmt"/>
      <line num="8" count="1" type="stmt"/>
      <line num="11" count="1" type="stmt"/>
      <line num="15" count="3" type="cond" truecount="1" falsecount="1"/>
      <line num="19" count="1" type="stmt"/>
      <line num="20" count="1" type="cond" truecount="1" falsecount="1"/>
      <line num="21" count="1" type="cond" truecount="1" falsecount="1"/>
      <line num="22" count="1" type="stmt"/>
      <line num="23" count="1" type="stmt"/>
      <line num="24" count="1" type="stmt"/>
    </file>
  </project>
</coverage>
