{"C:\\sites\\farmacia-bot\\src\\handlers\\stock.js": {"path":"C:\\sites\\farmacia-bot\\src\\handlers\\stock.js","statementMap":{"0":{"start":{"line":3,"column":14},"end":{"line":7,"column":1}},"1":{"start":{"line":8,"column":0},"end":{"line":26,"column":2}},"2":{"start":{"line":11,"column":4},"end":{"line":11,"column":45}},"3":{"start":{"line":15,"column":4},"end":{"line":15,"column":30}},"4":{"start":{"line":19,"column":17},"end":{"line":19,"column":27}},"5":{"start":{"line":20,"column":4},"end":{"line":20,"column":73}},"6":{"start":{"line":20,"column":15},"end":{"line":20,"column":73}},"7":{"start":{"line":21,"column":4},"end":{"line":21,"column":88}},"8":{"start":{"line":21,"column":29},"end":{"line":21,"column":88}},"9":{"start":{"line":22,"column":4},"end":{"line":22,"column":25}},"10":{"start":{"line":23,"column":21},"end":{"line":23,"column":37}},"11":{"start":{"line":24,"column":4},"end":{"line":24,"column":45}}},"fnMap":{"0":{"name":"(anonymous_0)","decl":{"start":{"line":9,"column":2},"end":{"line":9,"column":3}},"loc":{"start":{"line":9,"column":18},"end":{"line":12,"column":3}},"line":9},"1":{"name":"(anonymous_1)","decl":{"start":{"line":14,"column":2},"end":{"line":14,"column":3}},"loc":{"start":{"line":14,"column":21},"end":{"line":16,"column":3}},"line":14},"2":{"name":"(anonymous_2)","decl":{"start":{"line":18,"column":2},"end":{"line":18,"column":3}},"loc":{"start":{"line":18,"column":27},"end":{"line":25,"column":3}},"line":18}},"branchMap":{"0":{"loc":{"start":{"line":15,"column":11},"end":{"line":15,"column":29}},"type":"binary-expr","locations":[{"start":{"line":15,"column":11},"end":{"line":15,"column":21}},{"start":{"line":15,"column":25},"end":{"line":15,"column":29}}],"line":15},"1":{"loc":{"start":{"line":20,"column":4},"end":{"line":20,"column":73}},"type":"if","locations":[{"start":{"line":20,"column":4},"end":{"line":20,"column":73}},{"start":{},"end":{}}],"line":20},"2":{"loc":{"start":{"line":21,"column":4},"end":{"line":21,"column":88}},"type":"if","locations":[{"start":{"line":21,"column":4},"end":{"line":21,"column":88}},{"start":{},"end":{}}],"line":21}},"s":{"0":1,"1":1,"2":1,"3":3,"4":1,"5":1,"6":0,"7":1,"8":0,"9":1,"10":1,"11":1},"f":{"0":1,"1":3,"2":1},"b":{"0":[3,0],"1":[0,1],"2":[0,1]},"_coverageSchema":"1a1c01bbd47fc00a2c39e90264f33305004495a9","hash":"fa25082cf0f8beb757789aac0076c54dc237c643"}
}
