{"C:\\sites\\farmacia-bot\\src\\server.js": {"path":"C:\\sites\\farmacia-bot\\src\\server.js","statementMap":{"0":{"start":{"line":1,"column":16},"end":{"line":1,"column":34}},"1":{"start":{"line":2,"column":15},"end":{"line":2,"column":32}},"2":{"start":{"line":3,"column":15},"end":{"line":3,"column":32}},"3":{"start":{"line":4,"column":14},"end":{"line":4,"column":28}},"4":{"start":{"line":6,"column":14},"end":{"line":6,"column":41}},"5":{"start":{"line":7,"column":22},"end":{"line":7,"column":57}},"6":{"start":{"line":8,"column":15},"end":{"line":8,"column":43}},"7":{"start":{"line":10,"column":12},"end":{"line":10,"column":21}},"8":{"start":{"line":11,"column":0},"end":{"line":11,"column":24}},"9":{"start":{"line":13,"column":13},"end":{"line":13,"column":37}},"10":{"start":{"line":17,"column":16},"end":{"line":17,"column":37}},"11":{"start":{"line":18,"column":2},"end":{"line":18,"column":28}},"12":{"start":{"line":18,"column":14},"end":{"line":18,"column":28}},"13":{"start":{"line":19,"column":17},"end":{"line":19,"column":56}},"14":{"start":{"line":20,"column":2},"end":{"line":20,"column":92}},"15":{"start":{"line":20,"column":37},"end":{"line":20,"column":92}},"16":{"start":{"line":21,"column":14},"end":{"line":21,"column":36}},"17":{"start":{"line":22,"column":2},"end":{"line":22,"column":73}},"18":{"start":{"line":22,"column":21},"end":{"line":22,"column":73}},"19":{"start":{"line":23,"column":2},"end":{"line":23,"column":16}},"20":{"start":{"line":26,"column":0},"end":{"line":26,"column":101}},"21":{"start":{"line":26,"column":33},"end":{"line":26,"column":99}},"22":{"start":{"line":29,"column":18},"end":{"line":29,"column":22}},"23":{"start":{"line":30,"column":0},"end":{"line":30,"column":70}},"24":{"start":{"line":30,"column":6},"end":{"line":30,"column":39}},"25":{"start":{"line":32,"column":0},"end":{"line":44,"column":3}},"26":{"start":{"line":33,"column":2},"end":{"line":33,"column":82}},"27":{"start":{"line":33,"column":20},"end":{"line":33,"column":82}},"28":{"start":{"line":34,"column":2},"end":{"line":43,"column":3}},"29":{"start":{"line":35,"column":28},"end":{"line":35,"column":42}},"30":{"start":{"line":36,"column":4},"end":{"line":36,"column":91}},"31":{"start":{"line":36,"column":25},"end":{"line":36,"column":91}},"32":{"start":{"line":37,"column":4},"end":{"line":37,"column":35}},"33":{"start":{"line":38,"column":19},"end":{"line":38,"column":58}},"34":{"start":{"line":39,"column":4},"end":{"line":39,"column":35}},"35":{"start":{"line":41,"column":4},"end":{"line":41,"column":45}},"36":{"start":{"line":42,"column":4},"end":{"line":42,"column":79}},"37":{"start":{"line":46,"column":0},"end":{"line":58,"column":3}},"38":{"start":{"line":47,"column":2},"end":{"line":47,"column":82}},"39":{"start":{"line":47,"column":20},"end":{"line":47,"column":82}},"40":{"start":{"line":48,"column":2},"end":{"line":57,"column":3}},"41":{"start":{"line":49,"column":4},"end":{"line":49,"column":35}},"42":{"start":{"line":50,"column":16},"end":{"line":50,"column":39}},"43":{"start":{"line":51,"column":4},"end":{"line":51,"column":66}},"44":{"start":{"line":51,"column":14},"end":{"line":51,"column":66}},"45":{"start":{"line":52,"column":16},"end":{"line":52,"column":42}},"46":{"start":{"line":53,"column":4},"end":{"line":53,"column":30}},"47":{"start":{"line":55,"column":4},"end":{"line":55,"column":42}},"48":{"start":{"line":56,"column":4},"end":{"line":56,"column":55}},"49":{"start":{"line":60,"column":0},"end":{"line":68,"column":3}},"50":{"start":{"line":61,"column":2},"end":{"line":67,"column":3}},"51":{"start":{"line":62,"column":17},"end":{"line":62,"column":38}},"52":{"start":{"line":63,"column":4},"end":{"line":63,"column":19}},"53":{"start":{"line":65,"column":4},"end":{"line":65,"column":42}},"54":{"start":{"line":66,"column":4},"end":{"line":66,"column":60}},"55":{"start":{"line":70,"column":0},"end":{"line":80,"column":3}},"56":{"start":{"line":71,"column":2},"end":{"line":79,"column":3}},"57":{"start":{"line":72,"column":16},"end":{"line":72,"column":30}},"58":{"start":{"line":73,"column":17},"end":{"line":73,"column":41}},"59":{"start":{"line":74,"column":4},"end":{"line":74,"column":72}},"60":{"start":{"line":74,"column":15},"end":{"line":74,"column":72}},"61":{"start":{"line":75,"column":4},"end":{"line":75,"column":19}},"62":{"start":{"line":77,"column":4},"end":{"line":77,"column":47}},"63":{"start":{"line":78,"column":4},"end":{"line":78,"column":58}},"64":{"start":{"line":83,"column":19},"end":{"line":83,"column":87}},"65":{"start":{"line":84,"column":25},"end":{"line":84,"column":169}},"66":{"start":{"line":85,"column":27},"end":{"line":85,"column":80}},"67":{"start":{"line":87,"column":0},"end":{"line":100,"column":3}},"68":{"start":{"line":88,"column":2},"end":{"line":99,"column":3}},"69":{"start":{"line":89,"column":19},"end":{"line":89,"column":51}},"70":{"start":{"line":90,"column":16},"end":{"line":90,"column":30}},"71":{"start":{"line":91,"column":16},"end":{"line":91,"column":26}},"72":{"start":{"line":92,"column":19},"end":{"line":92,"column":49}},"73":{"start":{"line":93,"column":4},"end":{"line":93,"column":90}},"74":{"start":{"line":93,"column":36},"end":{"line":93,"column":90}},"75":{"start":{"line":94,"column":4},"end":{"line":94,"column":21}},"76":{"start":{"line":96,"column":4},"end":{"line":96,"column":53}},"77":{"start":{"line":97,"column":4},"end":{"line":97,"column":108}},"78":{"start":{"line":97,"column":27},"end":{"line":97,"column":108}},"79":{"start":{"line":98,"column":4},"end":{"line":98,"column":59}},"80":{"start":{"line":102,"column":0},"end":{"line":113,"column":3}},"81":{"start":{"line":103,"column":2},"end":{"line":112,"column":3}},"82":{"start":{"line":104,"column":19},"end":{"line":104,"column":59}},"83":{"start":{"line":105,"column":17},"end":{"line":105,"column":42}},"84":{"start":{"line":106,"column":18},"end":{"line":106,"column":51}},"85":{"start":{"line":107,"column":4},"end":{"line":107,"column":24}},"86":{"start":{"line":109,"column":4},"end":{"line":109,"column":50}},"87":{"start":{"line":110,"column":4},"end":{"line":110,"column":108}},"88":{"start":{"line":110,"column":27},"end":{"line":110,"column":108}},"89":{"start":{"line":111,"column":4},"end":{"line":111,"column":71}},"90":{"start":{"line":116,"column":0},"end":{"line":152,"column":3}},"91":{"start":{"line":117,"column":2},"end":{"line":151,"column":3}},"92":{"start":{"line":118,"column":19},"end":{"line":118,"column":57}},"93":{"start":{"line":119,"column":19},"end":{"line":119,"column":71}},"94":{"start":{"line":120,"column":26},"end":{"line":120,"column":116}},"95":{"start":{"line":121,"column":16},"end":{"line":121,"column":92}},"96":{"start":{"line":123,"column":20},"end":{"line":129,"column":5}},"97":{"start":{"line":131,"column":17},"end":{"line":131,"column":40}},"98":{"start":{"line":133,"column":20},"end":{"line":133,"column":77}},"99":{"start":{"line":134,"column":4},"end":{"line":140,"column":5}},"100":{"start":{"line":135,"column":22},"end":{"line":135,"column":65}},"101":{"start":{"line":136,"column":21},"end":{"line":136,"column":42}},"102":{"start":{"line":137,"column":18},"end":{"line":137,"column":47}},"103":{"start":{"line":138,"column":6},"end":{"line":138,"column":32}},"104":{"start":{"line":139,"column":6},"end":{"line":139,"column":13}},"105":{"start":{"line":142,"column":18},"end":{"line":144,"column":6}},"106":{"start":{"line":143,"column":6},"end":{"line":143,"column":84}},"107":{"start":{"line":143,"column":72},"end":{"line":143,"column":82}},"108":{"start":{"line":146,"column":4},"end":{"line":146,"column":33}},"109":{"start":{"line":148,"column":4},"end":{"line":148,"column":49}},"110":{"start":{"line":149,"column":4},"end":{"line":149,"column":108}},"111":{"start":{"line":149,"column":27},"end":{"line":149,"column":108}},"112":{"start":{"line":150,"column":4},"end":{"line":150,"column":61}},"113":{"start":{"line":154,"column":0},"end":{"line":154,"column":68}},"114":{"start":{"line":154,"column":22},"end":{"line":154,"column":66}},"115":{"start":{"line":156,"column":0},"end":{"line":160,"column":1}},"116":{"start":{"line":157,"column":2},"end":{"line":159,"column":5}},"117":{"start":{"line":158,"column":4},"end":{"line":158,"column":68}},"118":{"start":{"line":162,"column":0},"end":{"line":162,"column":21}}},"fnMap":{"0":{"name":"requireAuth","decl":{"start":{"line":16,"column":9},"end":{"line":16,"column":20}},"loc":{"start":{"line":16,"column":37},"end":{"line":24,"column":1}},"line":16},"1":{"name":"(anonymous_1)","decl":{"start":{"line":26,"column":19},"end":{"line":26,"column":20}},"loc":{"start":{"line":26,"column":33},"end":{"line":26,"column":99}},"line":26},"2":{"name":"(anonymous_2)","decl":{"start":{"line":32,"column":34},"end":{"line":32,"column":35}},"loc":{"start":{"line":32,"column":54},"end":{"line":44,"column":1}},"line":32},"3":{"name":"(anonymous_3)","decl":{"start":{"line":46,"column":31},"end":{"line":46,"column":32}},"loc":{"start":{"line":46,"column":51},"end":{"line":58,"column":1}},"line":46},"4":{"name":"(anonymous_4)","decl":{"start":{"line":60,"column":18},"end":{"line":60,"column":19}},"loc":{"start":{"line":60,"column":38},"end":{"line":68,"column":1}},"line":60},"5":{"name":"(anonymous_5)","decl":{"start":{"line":70,"column":23},"end":{"line":70,"column":24}},"loc":{"start":{"line":70,"column":43},"end":{"line":80,"column":1}},"line":70},"6":{"name":"(anonymous_6)","decl":{"start":{"line":87,"column":42},"end":{"line":87,"column":43}},"loc":{"start":{"line":87,"column":62},"end":{"line":100,"column":1}},"line":87},"7":{"name":"(anonymous_7)","decl":{"start":{"line":102,"column":39},"end":{"line":102,"column":40}},"loc":{"start":{"line":102,"column":53},"end":{"line":113,"column":1}},"line":102},"8":{"name":"(anonymous_8)","decl":{"start":{"line":116,"column":38},"end":{"line":116,"column":39}},"loc":{"start":{"line":116,"column":58},"end":{"line":152,"column":1}},"line":116},"9":{"name":"(anonymous_9)","decl":{"start":{"line":142,"column":36},"end":{"line":142,"column":37}},"loc":{"start":{"line":142,"column":49},"end":{"line":144,"column":5}},"line":142},"10":{"name":"(anonymous_10)","decl":{"start":{"line":143,"column":65},"end":{"line":143,"column":66}},"loc":{"start":{"line":143,"column":72},"end":{"line":143,"column":82}},"line":143},"11":{"name":"(anonymous_11)","decl":{"start":{"line":154,"column":8},"end":{"line":154,"column":9}},"loc":{"start":{"line":154,"column":22},"end":{"line":154,"column":66}},"line":154},"12":{"name":"(anonymous_12)","decl":{"start":{"line":157,"column":19},"end":{"line":157,"column":20}},"loc":{"start":{"line":157,"column":25},"end":{"line":159,"column":3}},"line":157}},"branchMap":{"0":{"loc":{"start":{"line":13,"column":13},"end":{"line":13,"column":37}},"type":"binary-expr","locations":[{"start":{"line":13,"column":13},"end":{"line":13,"column":29}},{"start":{"line":13,"column":33},"end":{"line":13,"column":37}}],"line":13},"1":{"loc":{"start":{"line":18,"column":2},"end":{"line":18,"column":28}},"type":"if","locations":[{"start":{"line":18,"column":2},"end":{"line":18,"column":28}},{"start":{},"end":{}}],"line":18},"2":{"loc":{"start":{"line":19,"column":24},"end":{"line":19,"column":55}},"type":"binary-expr","locations":[{"start":{"line":19,"column":24},"end":{"line":19,"column":49}},{"start":{"line":19,"column":53},"end":{"line":19,"column":55}}],"line":19},"3":{"loc":{"start":{"line":20,"column":2},"end":{"line":20,"column":92}},"type":"if","locations":[{"start":{"line":20,"column":2},"end":{"line":20,"column":92}},{"start":{},"end":{}}],"line":20},"4":{"loc":{"start":{"line":22,"column":2},"end":{"line":22,"column":73}},"type":"if","locations":[{"start":{"line":22,"column":2},"end":{"line":22,"column":73}},{"start":{},"end":{}}],"line":22},"5":{"loc":{"start":{"line":26,"column":59},"end":{"line":26,"column":96}},"type":"binary-expr","locations":[{"start":{"line":26,"column":59},"end":{"line":26,"column":79}},{"start":{"line":26,"column":83},"end":{"line":26,"column":96}}],"line":26},"6":{"loc":{"start":{"line":33,"column":2},"end":{"line":33,"column":82}},"type":"if","locations":[{"start":{"line":33,"column":2},"end":{"line":33,"column":82}},{"start":{},"end":{}}],"line":33},"7":{"loc":{"start":{"line":35,"column":28},"end":{"line":35,"column":42}},"type":"binary-expr","locations":[{"start":{"line":35,"column":28},"end":{"line":35,"column":36}},{"start":{"line":35,"column":40},"end":{"line":35,"column":42}}],"line":35},"8":{"loc":{"start":{"line":36,"column":4},"end":{"line":36,"column":91}},"type":"if","locations":[{"start":{"line":36,"column":4},"end":{"line":36,"column":91}},{"start":{},"end":{}}],"line":36},"9":{"loc":{"start":{"line":36,"column":8},"end":{"line":36,"column":23}},"type":"binary-expr","locations":[{"start":{"line":36,"column":8},"end":{"line":36,"column":11}},{"start":{"line":36,"column":15},"end":{"line":36,"column":23}}],"line":36},"10":{"loc":{"start":{"line":47,"column":2},"end":{"line":47,"column":82}},"type":"if","locations":[{"start":{"line":47,"column":2},"end":{"line":47,"column":82}},{"start":{},"end":{}}],"line":47},"11":{"loc":{"start":{"line":51,"column":4},"end":{"line":51,"column":66}},"type":"if","locations":[{"start":{"line":51,"column":4},"end":{"line":51,"column":66}},{"start":{},"end":{}}],"line":51},"12":{"loc":{"start":{"line":74,"column":4},"end":{"line":74,"column":72}},"type":"if","locations":[{"start":{"line":74,"column":4},"end":{"line":74,"column":72}},{"start":{},"end":{}}],"line":74},"13":{"loc":{"start":{"line":89,"column":36},"end":{"line":89,"column":50}},"type":"binary-expr","locations":[{"start":{"line":89,"column":36},"end":{"line":89,"column":44}},{"start":{"line":89,"column":48},"end":{"line":89,"column":50}}],"line":89},"14":{"loc":{"start":{"line":93,"column":4},"end":{"line":93,"column":90}},"type":"if","locations":[{"start":{"line":93,"column":4},"end":{"line":93,"column":90}},{"start":{},"end":{}}],"line":93},"15":{"loc":{"start":{"line":93,"column":8},"end":{"line":93,"column":34}},"type":"binary-expr","locations":[{"start":{"line":93,"column":8},"end":{"line":93,"column":15}},{"start":{"line":93,"column":19},"end":{"line":93,"column":34}}],"line":93},"16":{"loc":{"start":{"line":97,"column":4},"end":{"line":97,"column":108}},"type":"if","locations":[{"start":{"line":97,"column":4},"end":{"line":97,"column":108}},{"start":{},"end":{}}],"line":97},"17":{"loc":{"start":{"line":97,"column":8},"end":{"line":97,"column":25}},"type":"binary-expr","locations":[{"start":{"line":97,"column":8},"end":{"line":97,"column":11}},{"start":{"line":97,"column":15},"end":{"line":97,"column":25}}],"line":97},"18":{"loc":{"start":{"line":104,"column":44},"end":{"line":104,"column":58}},"type":"binary-expr","locations":[{"start":{"line":104,"column":44},"end":{"line":104,"column":52}},{"start":{"line":104,"column":56},"end":{"line":104,"column":58}}],"line":104},"19":{"loc":{"start":{"line":105,"column":24},"end":{"line":105,"column":41}},"type":"binary-expr","locations":[{"start":{"line":105,"column":24},"end":{"line":105,"column":35}},{"start":{"line":105,"column":39},"end":{"line":105,"column":41}}],"line":105},"20":{"loc":{"start":{"line":110,"column":4},"end":{"line":110,"column":108}},"type":"if","locations":[{"start":{"line":110,"column":4},"end":{"line":110,"column":108}},{"start":{},"end":{}}],"line":110},"21":{"loc":{"start":{"line":110,"column":8},"end":{"line":110,"column":25}},"type":"binary-expr","locations":[{"start":{"line":110,"column":8},"end":{"line":110,"column":11}},{"start":{"line":110,"column":15},"end":{"line":110,"column":25}}],"line":110},"22":{"loc":{"start":{"line":118,"column":42},"end":{"line":118,"column":56}},"type":"binary-expr","locations":[{"start":{"line":118,"column":42},"end":{"line":118,"column":50}},{"start":{"line":118,"column":54},"end":{"line":118,"column":56}}],"line":118},"23":{"loc":{"start":{"line":119,"column":19},"end":{"line":119,"column":71}},"type":"binary-expr","locations":[{"start":{"line":119,"column":19},"end":{"line":119,"column":31}},{"start":{"line":119,"column":35},"end":{"line":119,"column":53}},{"start":{"line":119,"column":57},"end":{"line":119,"column":71}}],"line":119},"24":{"loc":{"start":{"line":120,"column":26},"end":{"line":120,"column":116}},"type":"binary-expr","locations":[{"start":{"line":120,"column":26},"end":{"line":120,"column":45}},{"start":{"line":120,"column":49},"end":{"line":120,"column":74}},{"start":{"line":120,"column":78},"end":{"line":120,"column":116}}],"line":120},"25":{"loc":{"start":{"line":121,"column":16},"end":{"line":121,"column":92}},"type":"binary-expr","locations":[{"start":{"line":121,"column":16},"end":{"line":121,"column":26}},{"start":{"line":121,"column":30},"end":{"line":121,"column":60}},{"start":{"line":121,"column":64},"end":{"line":121,"column":92}}],"line":121},"26":{"loc":{"start":{"line":133,"column":20},"end":{"line":133,"column":77}},"type":"binary-expr","locations":[{"start":{"line":133,"column":21},"end":{"line":133,"column":44}},{"start":{"line":133,"column":50},"end":{"line":133,"column":76}}],"line":133},"27":{"loc":{"start":{"line":134,"column":4},"end":{"line":140,"column":5}},"type":"if","locations":[{"start":{"line":134,"column":4},"end":{"line":140,"column":5}},{"start":{},"end":{}}],"line":134},"28":{"loc":{"start":{"line":149,"column":4},"end":{"line":149,"column":108}},"type":"if","locations":[{"start":{"line":149,"column":4},"end":{"line":149,"column":108}},{"start":{},"end":{}}],"line":149},"29":{"loc":{"start":{"line":149,"column":8},"end":{"line":149,"column":25}},"type":"binary-expr","locations":[{"start":{"line":149,"column":8},"end":{"line":149,"column":11}},{"start":{"line":149,"column":15},"end":{"line":149,"column":25}}],"line":149},"30":{"loc":{"start":{"line":156,"column":0},"end":{"line":160,"column":1}},"type":"if","locations":[{"start":{"line":156,"column":0},"end":{"line":160,"column":1}},{"start":{},"end":{}}],"line":156}},"s":{"0":1,"1":1,"2":1,"3":1,"4":1,"5":1,"6":1,"7":1,"8":1,"9":1,"10":2,"11":2,"12":2,"13":0,"14":0,"15":0,"16":0,"17":0,"18":0,"19":0,"20":1,"21":1,"22":1,"23":1,"24":1,"25":1,"26":0,"27":0,"28":0,"29":0,"30":0,"31":0,"32":0,"33":0,"34":0,"35":0,"36":0,"37":1,"38":0,"39":0,"40":0,"41":0,"42":0,"43":0,"44":0,"45":0,"46":0,"47":0,"48":0,"49":1,"50":1,"51":1,"52":1,"53":0,"54":0,"55":1,"56":1,"57":1,"58":1,"59":1,"60":0,"61":1,"62":0,"63":0,"64":1,"65":1,"66":1,"67":1,"68":1,"69":1,"70":1,"71":1,"72":1,"73":1,"74":0,"75":1,"76":0,"77":0,"78":0,"79":0,"80":1,"81":0,"82":0,"83":0,"84":0,"85":0,"86":0,"87":0,"88":0,"89":0,"90":1,"91":1,"92":1,"93":1,"94":1,"95":1,"96":1,"97":1,"98":1,"99":1,"100":0,"101":0,"102":0,"103":0,"104":0,"105":1,"106":1,"107":1,"108":1,"109":0,"110":0,"111":0,"112":0,"113":1,"114":0,"115":1,"116":0,"117":0,"118":1},"f":{"0":2,"1":1,"2":0,"3":0,"4":1,"5":1,"6":1,"7":0,"8":1,"9":1,"10":1,"11":0,"12":0},"b":{"0":[1,1],"1":[2,0],"2":[0,0],"3":[0,0],"4":[0,0],"5":[1,0],"6":[0,0],"7":[0,0],"8":[0,0],"9":[0,0],"10":[0,0],"11":[0,0],"12":[0,1],"13":[1,0],"14":[0,1],"15":[1,1],"16":[0,0],"17":[0,0],"18":[0,0],"19":[0,0],"20":[0,0],"21":[0,0],"22":[1,0],"23":[1,1,1],"24":[1,1,1],"25":[1,1,1],"26":[1,1],"27":[0,1],"28":[0,0],"29":[0,0],"30":[0,1]},"_coverageSchema":"1a1c01bbd47fc00a2c39e90264f33305004495a9","hash":"e9514700fb8f4117507d1be0b7fb4f242869bd46"}
,"C:\\sites\\farmacia-bot\\src\\venom.js": {"path":"C:\\sites\\farmacia-bot\\src\\venom.js","statementMap":{"0":{"start":{"line":2,"column":21},"end":{"line":2,"column":38}},"1":{"start":{"line":3,"column":12},"end":{"line":3,"column":16}},"2":{"start":{"line":4,"column":13},"end":{"line":4,"column":17}},"3":{"start":{"line":5,"column":11},"end":{"line":5,"column":29}},"4":{"start":{"line":6,"column":13},"end":{"line":6,"column":17}},"5":{"start":{"line":9,"column":2},"end":{"line":9,"column":49}},"6":{"start":{"line":9,"column":37},"end":{"line":9,"column":49}},"7":{"start":{"line":10,"column":2},"end":{"line":10,"column":28}},"8":{"start":{"line":10,"column":14},"end":{"line":10,"column":28}},"9":{"start":{"line":11,"column":2},"end":{"line":16,"column":3}},"10":{"start":{"line":12,"column":4},"end":{"line":12,"column":33}},"11":{"start":{"line":14,"column":4},"end":{"line":14,"column":61}},"12":{"start":{"line":15,"column":4},"end":{"line":15,"column":16}},"13":{"start":{"line":18,"column":20},"end":{"line":18,"column":60}},"14":{"start":{"line":19,"column":2},"end":{"line":19,"column":79}},"15":{"start":{"line":19,"column":8},"end":{"line":19,"column":64}},"16":{"start":{"line":21,"column":2},"end":{"line":36,"column":5}},"17":{"start":{"line":31,"column":4},"end":{"line":31,"column":22}},"18":{"start":{"line":32,"column":4},"end":{"line":32,"column":28}},"19":{"start":{"line":35,"column":4},"end":{"line":35,"column":30}},"20":{"start":{"line":38,"column":2},"end":{"line":38,"column":83}},"21":{"start":{"line":38,"column":58},"end":{"line":38,"column":81}},"22":{"start":{"line":39,"column":2},"end":{"line":39,"column":16}},"23":{"start":{"line":43,"column":2},"end":{"line":43,"column":52}},"24":{"start":{"line":43,"column":15},"end":{"line":43,"column":52}},"25":{"start":{"line":44,"column":2},"end":{"line":44,"column":38}},"26":{"start":{"line":48,"column":2},"end":{"line":48,"column":16}},"27":{"start":{"line":51,"column":0},"end":{"line":51,"column":65}}},"fnMap":{"0":{"name":"startVenom","decl":{"start":{"line":8,"column":15},"end":{"line":8,"column":25}},"loc":{"start":{"line":8,"column":28},"end":{"line":40,"column":1}},"line":8},"1":{"name":"(anonymous_1)","decl":{"start":{"line":30,"column":2},"end":{"line":30,"column":3}},"loc":{"start":{"line":30,"column":16},"end":{"line":33,"column":3}},"line":30},"2":{"name":"(anonymous_2)","decl":{"start":{"line":34,"column":2},"end":{"line":34,"column":3}},"loc":{"start":{"line":34,"column":14},"end":{"line":36,"column":3}},"line":34},"3":{"name":"(anonymous_3)","decl":{"start":{"line":38,"column":47},"end":{"line":38,"column":48}},"loc":{"start":{"line":38,"column":58},"end":{"line":38,"column":81}},"line":38},"4":{"name":"sendText","decl":{"start":{"line":42,"column":15},"end":{"line":42,"column":23}},"loc":{"start":{"line":42,"column":37},"end":{"line":45,"column":1}},"line":42},"5":{"name":"getLastQr","decl":{"start":{"line":47,"column":9},"end":{"line":47,"column":18}},"loc":{"start":{"line":47,"column":21},"end":{"line":49,"column":1}},"line":47}},"branchMap":{"0":{"loc":{"start":{"line":9,"column":2},"end":{"line":9,"column":49}},"type":"if","locations":[{"start":{"line":9,"column":2},"end":{"line":9,"column":49}},{"start":{},"end":{}}],"line":9},"1":{"loc":{"start":{"line":10,"column":2},"end":{"line":10,"column":28}},"type":"if","locations":[{"start":{"line":10,"column":2},"end":{"line":10,"column":28}},{"start":{},"end":{}}],"line":10},"2":{"loc":{"start":{"line":18,"column":20},"end":{"line":18,"column":60}},"type":"binary-expr","locations":[{"start":{"line":18,"column":20},"end":{"line":18,"column":41}},{"start":{"line":18,"column":45},"end":{"line":18,"column":60}}],"line":18},"3":{"loc":{"start":{"line":38,"column":2},"end":{"line":38,"column":82}},"type":"binary-expr","locations":[{"start":{"line":38,"column":2},"end":{"line":38,"column":22}},{"start":{"line":38,"column":26},"end":{"line":38,"column":82}}],"line":38},"4":{"loc":{"start":{"line":43,"column":2},"end":{"line":43,"column":52}},"type":"if","locations":[{"start":{"line":43,"column":2},"end":{"line":43,"column":52}},{"start":{},"end":{}}],"line":43}},"s":{"0":1,"1":1,"2":1,"3":1,"4":1,"5":0,"6":0,"7":0,"8":0,"9":0,"10":0,"11":0,"12":0,"13":0,"14":0,"15":0,"16":0,"17":0,"18":0,"19":0,"20":0,"21":0,"22":0,"23":0,"24":0,"25":0,"26":0,"27":1},"f":{"0":0,"1":0,"2":0,"3":0,"4":0,"5":0},"b":{"0":[0,0],"1":[0,0],"2":[0,0],"3":[0,0],"4":[0,0]},"_coverageSchema":"1a1c01bbd47fc00a2c39e90264f33305004495a9","hash":"3faf3401c3e6f337823b443b22f742bd1aca223b"}
,"C:\\sites\\farmacia-bot\\src\\handlers\\autoresponses.js": {"path":"C:\\sites\\farmacia-bot\\src\\handlers\\autoresponses.js","statementMap":{"0":{"start":{"line":5,"column":18},"end":{"line":11,"column":1}},"1":{"start":{"line":14,"column":2},"end":{"line":14,"column":25}},"2":{"start":{"line":14,"column":13},"end":{"line":14,"column":25}},"3":{"start":{"line":15,"column":2},"end":{"line":19,"column":3}},"4":{"start":{"line":16,"column":4},"end":{"line":18,"column":5}},"5":{"start":{"line":17,"column":6},"end":{"line":17,"column":21}},"6":{"start":{"line":20,"column":2},"end":{"line":20,"column":14}},"7":{"start":{"line":23,"column":0},"end":{"line":23,"column":35}}},"fnMap":{"0":{"name":"handleMessage","decl":{"start":{"line":13,"column":9},"end":{"line":13,"column":22}},"loc":{"start":{"line":13,"column":29},"end":{"line":21,"column":1}},"line":13}},"branchMap":{"0":{"loc":{"start":{"line":14,"column":2},"end":{"line":14,"column":25}},"type":"if","locations":[{"start":{"line":14,"column":2},"end":{"line":14,"column":25}},{"start":{},"end":{}}],"line":14},"1":{"loc":{"start":{"line":16,"column":4},"end":{"line":18,"column":5}},"type":"if","locations":[{"start":{"line":16,"column":4},"end":{"line":18,"column":5}},{"start":{},"end":{}}],"line":16}},"s":{"0":1,"1":0,"2":0,"3":0,"4":0,"5":0,"6":0,"7":1},"f":{"0":0},"b":{"0":[0,0],"1":[0,0]},"_coverageSchema":"1a1c01bbd47fc00a2c39e90264f33305004495a9","hash":"b46c8d88d3eb113154fdb4acb60da4c9ccd5269e"}
,"C:\\sites\\farmacia-bot\\src\\handlers\\stock.js": {"path":"C:\\sites\\farmacia-bot\\src\\handlers\\stock.js","statementMap":{"0":{"start":{"line":3,"column":14},"end":{"line":7,"column":1}},"1":{"start":{"line":8,"column":0},"end":{"line":26,"column":2}},"2":{"start":{"line":11,"column":4},"end":{"line":11,"column":45}},"3":{"start":{"line":15,"column":4},"end":{"line":15,"column":30}},"4":{"start":{"line":19,"column":17},"end":{"line":19,"column":27}},"5":{"start":{"line":20,"column":4},"end":{"line":20,"column":73}},"6":{"start":{"line":20,"column":15},"end":{"line":20,"column":73}},"7":{"start":{"line":21,"column":4},"end":{"line":21,"column":88}},"8":{"start":{"line":21,"column":29},"end":{"line":21,"column":88}},"9":{"start":{"line":22,"column":4},"end":{"line":22,"column":25}},"10":{"start":{"line":23,"column":21},"end":{"line":23,"column":37}},"11":{"start":{"line":24,"column":4},"end":{"line":24,"column":45}}},"fnMap":{"0":{"name":"(anonymous_0)","decl":{"start":{"line":9,"column":2},"end":{"line":9,"column":3}},"loc":{"start":{"line":9,"column":18},"end":{"line":12,"column":3}},"line":9},"1":{"name":"(anonymous_1)","decl":{"start":{"line":14,"column":2},"end":{"line":14,"column":3}},"loc":{"start":{"line":14,"column":21},"end":{"line":16,"column":3}},"line":14},"2":{"name":"(anonymous_2)","decl":{"start":{"line":18,"column":2},"end":{"line":18,"column":3}},"loc":{"start":{"line":18,"column":27},"end":{"line":25,"column":3}},"line":18}},"branchMap":{"0":{"loc":{"start":{"line":15,"column":11},"end":{"line":15,"column":29}},"type":"binary-expr","locations":[{"start":{"line":15,"column":11},"end":{"line":15,"column":21}},{"start":{"line":15,"column":25},"end":{"line":15,"column":29}}],"line":15},"1":{"loc":{"start":{"line":20,"column":4},"end":{"line":20,"column":73}},"type":"if","locations":[{"start":{"line":20,"column":4},"end":{"line":20,"column":73}},{"start":{},"end":{}}],"line":20},"2":{"loc":{"start":{"line":21,"column":4},"end":{"line":21,"column":88}},"type":"if","locations":[{"start":{"line":21,"column":4},"end":{"line":21,"column":88}},{"start":{},"end":{}}],"line":21}},"s":{"0":2,"1":2,"2":2,"3":4,"4":2,"5":2,"6":0,"7":2,"8":0,"9":2,"10":2,"11":2},"f":{"0":2,"1":4,"2":2},"b":{"0":[4,0],"1":[0,2],"2":[0,2]},"_coverageSchema":"1a1c01bbd47fc00a2c39e90264f33305004495a9","hash":"fa25082cf0f8beb757789aac0076c54dc237c643"}
,"C:\\sites\\farmacia-bot\\src\\services\\logger.js": {"path":"C:\\sites\\farmacia-bot\\src\\services\\logger.js","statementMap":{"0":{"start":{"line":1,"column":0},"end":{"line":4,"column":2}},"1":{"start":{"line":2,"column":21},"end":{"line":2,"column":51}},"2":{"start":{"line":3,"column":22},"end":{"line":3,"column":55}}},"fnMap":{"0":{"name":"(anonymous_0)","decl":{"start":{"line":2,"column":8},"end":{"line":2,"column":9}},"loc":{"start":{"line":2,"column":21},"end":{"line":2,"column":51}},"line":2},"1":{"name":"(anonymous_1)","decl":{"start":{"line":3,"column":9},"end":{"line":3,"column":10}},"loc":{"start":{"line":3,"column":22},"end":{"line":3,"column":55}},"line":3}},"branchMap":{},"s":{"0":1,"1":0,"2":0},"f":{"0":0,"1":0},"b":{},"_coverageSchema":"1a1c01bbd47fc00a2c39e90264f33305004495a9","hash":"e31a00c0b96a6a7d9a616d534bc5e7d65d1a2311"}
}
